[    0.000000] Linux version 4.15.0-202-generic (buildd@lcy02-amd64-115) (gcc version 7.5.0 (Ubuntu 7.5.0-3ubuntu1~18.04)) #213-Ubuntu SMP Thu Jan 5 19:19:12 UTC 2023 (Ubuntu 4.15.0-202.213-generic 4.15.18)
[    0.000000] Command line: BOOT_IMAGE=/boot/vmlinuz-4.15.0-202-generic root=LABEL=cloudimg-rootfs ro console=tty1 console=ttyS0
[    0.000000] KERNEL supported cpus:
[    0.000000]   Intel GenuineIntel
[    0.000000]   AMD AuthenticAMD
[    0.000000]   Centaur CentaurHauls
[    0.000000] x86/fpu: x87 FPU will use FXSAVE
[    0.000000] e820: BIOS-provided physical RAM map:
[    0.000000] BIOS-e820: [mem 0x0000000000000000-0x000000000009fbff] usable
[    0.000000] BIOS-e820: [mem 0x000000000009fc00-0x000000000009ffff] reserved
[    0.000000] BIOS-e820: [mem 0x00000000000f0000-0x00000000000fffff] reserved
[    0.000000] BIOS-e820: [mem 0x0000000000100000-0x00000000dffeffff] usable
[    0.000000] BIOS-e820: [mem 0x00000000dfff0000-0x00000000dfffffff] ACPI data
[    0.000000] BIOS-e820: [mem 0x00000000fec00000-0x00000000fec00fff] reserved
[    0.000000] BIOS-e820: [mem 0x00000000fee00000-0x00000000fee00fff] reserved
[    0.000000] BIOS-e820: [mem 0x00000000fffc0000-0x00000000ffffffff] reserved
[    0.000000] BIOS-e820: [mem 0x0000000100000000-0x000000011fffffff] usable
[    0.000000] NX (Execute Disable) protection: active
[    0.000000] SMBIOS 2.5 present.
[    0.000000] DMI: innotek GmbH VirtualBox/VirtualBox, BIOS VirtualBox 12/01/2006
[    0.000000] Hypervisor detected: KVM
[    0.000000] e820: last_pfn = 0x120000 max_arch_pfn = 0x400000000
[    0.000000] MTRR: Disabled
[    0.000000] x86/PAT: MTRRs disabled, skipping PAT initialization too.
[    0.000000] CPU MTRRs all blank - virtualized system.
[    0.000000] x86/PAT: Configuration [0-7]: WB  WT  UC- UC  WB  WT  UC- UC  
[    0.000000] e820: last_pfn = 0xdfff0 max_arch_pfn = 0x400000000
[    0.000000] found SMP MP-table at [mem 0x0009fff0-0x0009ffff]
[    0.000000] Scanning 1 areas for low memory corruption
[    0.000000] RAMDISK: [mem 0x359c9000-0x36cdbfff]
[    0.000000] ACPI: Early table checksum verification disabled
[    0.000000] ACPI: RSDP 0x00000000000E0000 000024 (v02 VBOX  )
[    0.000000] ACPI: XSDT 0x00000000DFFF0030 00003C (v01 VBOX   VBOXXSDT 00000001 ASL  00000061)
[    0.000000] ACPI: FACP 0x00000000DFFF00F0 0000F4 (v04 VBOX   VBOXFACP 00000001 ASL  00000061)
[    0.000000] ACPI: DSDT 0x00000000DFFF0470 002325 (v02 VBOX   VBOXBIOS 00000002 INTL 20100528)
[    0.000000] ACPI: FACS 0x00000000DFFF0200 000040
[    0.000000] ACPI: FACS 0x00000000DFFF0200 000040
[    0.000000] ACPI: APIC 0x00000000DFFF0240 00005C (v02 VBOX   VBOXAPIC 00000001 ASL  00000061)
[    0.000000] ACPI: SSDT 0x00000000DFFF02A0 0001CC (v01 VBOX   VBOXCPUT 00000002 INTL 20100528)
[    0.000000] ACPI: Reserving FACP table memory at [mem 0xdfff00f0-0xdfff01e3]
[    0.000000] ACPI: Reserving DSDT table memory at [mem 0xdfff0470-0xdfff2794]
[    0.000000] ACPI: Reserving FACS table memory at [mem 0xdfff0200-0xdfff023f]
[    0.000000] ACPI: Reserving FACS table memory at [mem 0xdfff0200-0xdfff023f]
[    0.000000] ACPI: Reserving APIC table memory at [mem 0xdfff0240-0xdfff029b]
[    0.000000] ACPI: Reserving SSDT table memory at [mem 0xdfff02a0-0xdfff046b]
[    0.000000] No NUMA configuration found
[    0.000000] Faking a node at [mem 0x0000000000000000-0x000000011fffffff]
[    0.000000] NODE_DATA(0) allocated [mem 0x11ffd1000-0x11fffbfff]
[    0.000000] kvm-clock: cpu 0, msr 1:1ff50001, primary cpu clock
[    0.000000] kvm-clock: Using msrs 4b564d01 and 4b564d00
[    0.000000] kvm-clock: using sched offset of 4385317948 cycles
[    0.000000] clocksource: kvm-clock: mask: 0xffffffffffffffff max_cycles: 0x1cd42e4dffb, max_idle_ns: 881590591483 ns
[    0.000000] Zone ranges:
[    0.000000]   DMA      [mem 0x0000000000001000-0x0000000000ffffff]
[    0.000000]   DMA32    [mem 0x0000000001000000-0x00000000ffffffff]
[    0.000000]   Normal   [mem 0x0000000100000000-0x000000011fffffff]
[    0.000000]   Device   empty
[    0.000000] Movable zone start for each node
[    0.000000] Early memory node ranges
[    0.000000]   node   0: [mem 0x0000000000001000-0x000000000009efff]
[    0.000000]   node   0: [mem 0x0000000000100000-0x00000000dffeffff]
[    0.000000]   node   0: [mem 0x0000000100000000-0x000000011fffffff]
[    0.000000] Reserved but unavailable: 104 pages
[    0.000000] Initmem setup node 0 [mem 0x0000000000001000-0x000000011fffffff]
[    0.000000] ACPI: PM-Timer IO Port: 0x4008
[    0.000000] IOAPIC[0]: apic_id 2, version 32, address 0xfec00000, GSI 0-23
[    0.000000] ACPI: INT_SRC_OVR (bus 0 bus_irq 0 global_irq 2 dfl dfl)
[    0.000000] ACPI: INT_SRC_OVR (bus 0 bus_irq 9 global_irq 9 low level)
[    0.000000] Using ACPI (MADT) for SMP configuration information
[    0.000000] smpboot: Allowing 2 CPUs, 0 hotplug CPUs
[    0.000000] PM: Registered nosave memory: [mem 0x00000000-0x00000fff]
[    0.000000] PM: Registered nosave memory: [mem 0x0009f000-0x0009ffff]
[    0.000000] PM: Registered nosave memory: [mem 0x000a0000-0x000effff]
[    0.000000] PM: Registered nosave memory: [mem 0x000f0000-0x000fffff]
[    0.000000] PM: Registered nosave memory: [mem 0xdfff0000-0xdfffffff]
[    0.000000] PM: Registered nosave memory: [mem 0xe0000000-0xfebfffff]
[    0.000000] PM: Registered nosave memory: [mem 0xfec00000-0xfec00fff]
[    0.000000] PM: Registered nosave memory: [mem 0xfec01000-0xfedfffff]
[    0.000000] PM: Registered nosave memory: [mem 0xfee00000-0xfee00fff]
[    0.000000] PM: Registered nosave memory: [mem 0xfee01000-0xfffbffff]
[    0.000000] PM: Registered nosave memory: [mem 0xfffc0000-0xffffffff]
[    0.000000] e820: [mem 0xe0000000-0xfebfffff] available for PCI devices
[    0.000000] Booting paravirtualized kernel on KVM
[    0.000000] clocksource: refined-jiffies: mask: 0xffffffff max_cycles: 0xffffffff, max_idle_ns: 7645519600211568 ns
[    0.000000] setup_percpu: NR_CPUS:8192 nr_cpumask_bits:2 nr_cpu_ids:2 nr_node_ids:1
[    0.000000] percpu: Embedded 50 pages/cpu s167936 r8192 d28672 u1048576
[    0.000000] PV qspinlock hash table entries: 256 (order: 0, 4096 bytes)
[    0.000000] Built 1 zonelists, mobility grouping on.  Total pages: 1032057
[    0.000000] Policy zone: Normal
[    0.000000] Kernel command line: BOOT_IMAGE=/boot/vmlinuz-4.15.0-202-generic root=LABEL=cloudimg-rootfs ro console=tty1 console=ttyS0
[    0.000000] Memory: 4013256K/4193848K available (12300K kernel code, 2477K rwdata, 4320K rodata, 2472K init, 2720K bss, 180592K reserved, 0K cma-reserved)
[    0.000000] SLUB: HWalign=64, Order=0-3, MinObjects=0, CPUs=2, Nodes=1
[    0.000000] ftrace: allocating 39478 entries in 155 pages
[    0.004000] Hierarchical RCU implementation.
[    0.004000] 	RCU restricting CPUs from NR_CPUS=8192 to nr_cpu_ids=2.
[    0.004000] 	Tasks RCU enabled.
[    0.004000] RCU: Adjusting geometry for rcu_fanout_leaf=16, nr_cpu_ids=2
[    0.004000] NR_IRQS: 524544, nr_irqs: 440, preallocated irqs: 16
[    0.004000] Console: colour VGA+ 80x25
[    0.004000] console [tty1] enabled
[    0.004000] console [ttyS0] enabled
[    0.004000] ACPI: Core revision 20170831
[    0.004000] ACPI: 2 ACPI AML tables successfully acquired and loaded
[    0.004000] APIC: Switch to symmetric I/O mode setup
[    0.004000] ..TIMER: vector=0x30 apic1=0 pin1=2 apic2=-1 pin2=-1
[    0.004000] tsc: Detected 2903.998 MHz processor
[    0.004000] Calibrating delay loop (skipped) preset value.. 5807.99 BogoMIPS (lpj=11615992)
[    0.004000] pid_max: default: 32768 minimum: 301
[    0.004000] Security Framework initialized
[    0.004000] Yama: becoming mindful.
[    0.004000] AppArmor: AppArmor initialized
[    0.029645] Dentry cache hash table entries: 524288 (order: 10, 4194304 bytes)
[    0.046048] Inode-cache hash table entries: 262144 (order: 9, 2097152 bytes)
[    0.048251] Mount-cache hash table entries: 8192 (order: 4, 65536 bytes)
[    0.052254] Mountpoint-cache hash table entries: 8192 (order: 4, 65536 bytes)
[    0.061120] Last level iTLB entries: 4KB 64, 2MB 8, 4MB 8
[    0.064010] Last level dTLB entries: 4KB 64, 2MB 0, 4MB 0, 1GB 4
[    0.068006] Spectre V1 : Mitigation: usercopy/swapgs barriers and __user pointer sanitization
[    0.072006] Spectre V2 : Mitigation: Enhanced IBRS
[    0.076002] Spectre V2 : Spectre v2 / SpectreRSB mitigation: Filling RSB on context switch
[    0.080003] Speculative Store Bypass: Vulnerable
[    0.084049] MMIO Stale Data: Vulnerable: Clear CPU buffers attempted, no microcode
[    0.088152] Freeing SMP alternatives memory: 36K
[    0.201944] smpboot: CPU0: Intel(R) Core(TM) i5-10400F CPU @ 2.90GHz (family: 0x6, model: 0xa5, stepping: 0x3)
[    0.208025] Performance Events: unsupported p6 CPU model 165 no PMU driver, software events only.
[    0.212118] Hierarchical SRCU implementation.
[    0.216845] NMI watchdog: Perf event create on CPU 0 failed with -2
[    0.220002] NMI watchdog: Perf NMI watchdog permanently disabled
[    0.224224] smp: Bringing up secondary CPUs ...
[    0.228790] x86: Booting SMP configuration:
[    0.232003] .... node  #0, CPUs:      #1
[    0.004000] kvm-clock: cpu 1, msr 1:1ff50041, secondary cpu clock
[    0.242439] smp: Brought up 1 node, 2 CPUs
[    0.244007] smpboot: Max logical packages: 1
[    0.248004] smpboot: Total of 2 processors activated (11615.99 BogoMIPS)
[    0.252524] devtmpfs: initialized
[    0.256149] x86/mm: Memory block size: 128MB
[    0.260713] evm: security.selinux
[    0.263169] evm: security.SMACK64
[    0.264002] evm: security.SMACK64EXEC
[    0.268002] evm: security.SMACK64TRANSMUTE
[    0.270798] evm: security.SMACK64MMAP
[    0.272002] evm: security.apparmor
[    0.274334] evm: security.ima
[    0.276002] evm: security.capability
[    0.280380] clocksource: jiffies: mask: 0xffffffff max_cycles: 0xffffffff, max_idle_ns: 7645041785100000 ns
[    0.284027] futex hash table entries: 512 (order: 3, 32768 bytes)
[    0.288152] pinctrl core: initialized pinctrl subsystem
[    0.294677] RTC time:  3:05:28, date: 01/28/23
[    0.296986] NET: Registered protocol family 16
[    0.300109] audit: initializing netlink subsys (disabled)
[    0.304162] audit: type=2000 audit(1674875134.690:1): state=initialized audit_enabled=0 res=1
[    0.312008] cpuidle: using governor ladder
[    0.316008] cpuidle: using governor menu
[    0.318801] ACPI: bus type PCI registered
[    0.320004] acpiphp: ACPI Hot Plug PCI Controller Driver version: 0.5
[    0.328331] PCI: Using configuration type 1 for base access
[    0.336273] HugeTLB registered 2.00 MiB page size, pre-allocated 0 pages
[    0.340445] ACPI: Added _OSI(Module Device)
[    0.344087] ACPI: Added _OSI(Processor Device)
[    0.348009] ACPI: Added _OSI(3.0 _SCP Extensions)
[    0.352002] ACPI: Added _OSI(Processor Aggregator Device)
[    0.356003] ACPI: Added _OSI(Linux-Dell-Video)
[    0.360004] ACPI: Added _OSI(Linux-Lenovo-NV-HDMI-Audio)
[    0.364003] ACPI: Added _OSI(Linux-HPI-Hybrid-Graphics)
[    0.368153] ACPI: Executed 1 blocks of module-level executable AML code
[    0.376024] ACPI: Interpreter enabled
[    0.378585] ACPI: (supports S0 S5)
[    0.380003] ACPI: Using IOAPIC for interrupt routing
[    0.384352] PCI: Using host bridge windows from ACPI; if necessary, use "pci=nocrs" and report a bug
[    0.388204] ACPI: Enabled 2 GPEs in block 00 to 07
[    0.402552] ACPI: PCI Root Bridge [PCI0] (domain 0000 [bus 00-ff])
[    0.404006] acpi PNP0A03:00: _OSC: OS supports [ASPM ClockPM Segments MSI]
[    0.408681] acpi PNP0A03:00: _OSC: not requesting OS control; OS requires [ExtendedConfig ASPM ClockPM MSI]
[    0.412016] acpi PNP0A03:00: fail to add MMCONFIG information, can't access extended PCI configuration space under this bridge.
[    0.416716] PCI host bridge to bus 0000:00
[    0.420004] pci_bus 0000:00: root bus resource [io  0x0000-0x0cf7 window]
[    0.424003] pci_bus 0000:00: root bus resource [io  0x0d00-0xffff window]
[    0.428003] pci_bus 0000:00: root bus resource [mem 0x000a0000-0x000bffff window]
[    0.432006] pci_bus 0000:00: root bus resource [mem 0xe0000000-0xfdffffff window]
[    0.436004] pci_bus 0000:00: root bus resource [bus 00-ff]
[    0.447132] pci 0000:00:01.1: legacy IDE quirk: reg 0x10: [io  0x01f0-0x01f7]
[    0.448004] pci 0000:00:01.1: legacy IDE quirk: reg 0x14: [io  0x03f6]
[    0.452003] pci 0000:00:01.1: legacy IDE quirk: reg 0x18: [io  0x0170-0x0177]
[    0.456003] pci 0000:00:01.1: legacy IDE quirk: reg 0x1c: [io  0x0376]
[    0.514712] pci 0000:00:07.0: quirk: [io  0x4000-0x403f] claimed by PIIX4 ACPI
[    0.516038] pci 0000:00:07.0: quirk: [io  0x4100-0x410f] claimed by PIIX4 SMB
[    0.529342] ACPI: PCI Interrupt Link [LNKA] (IRQs 5 9 10 *11)
[    0.536077] ACPI: PCI Interrupt Link [LNKB] (IRQs 5 9 *10 11)
[    0.540227] ACPI: PCI Interrupt Link [LNKC] (IRQs 5 *9 10 11)
[    0.544189] ACPI: PCI Interrupt Link [LNKD] (IRQs 5 9 10 *11)
[    0.548811] SCSI subsystem initialized
[    0.556126] pci 0000:00:02.0: vgaarb: setting as boot VGA device
[    0.560000] pci 0000:00:02.0: vgaarb: VGA device added: decodes=io+mem,owns=io+mem,locks=none
[    0.560005] pci 0000:00:02.0: vgaarb: bridge control possible
[    0.564005] vgaarb: loaded
[    0.568067] ACPI: bus type USB registered
[    0.572043] usbcore: registered new interface driver usbfs
[    0.576012] usbcore: registered new interface driver hub
[    0.580030] usbcore: registered new device driver usb
[    0.584315] EDAC MC: Ver: 3.0.0
[    0.588676] PCI: Using ACPI for IRQ routing
[    0.592603] NetLabel: Initializing
[    0.596004] NetLabel:  domain hash size = 128
[    0.600002] NetLabel:  protocols = UNLABELED CIPSOv4 CALIPSO
[    0.604024] NetLabel:  unlabeled traffic allowed by default
[    0.612271] clocksource: Switched to clocksource kvm-clock
[    0.620132] VFS: Disk quotas dquot_6.6.0
[    0.620132] VFS: Dquot-cache hash table entries: 512 (order 0, 4096 bytes)
[    0.620132] AppArmor: AppArmor Filesystem Enabled
[    0.620132] pnp: PnP ACPI init
[    0.620132] pnp: PnP ACPI: found 3 devices
[    0.710555] clocksource: acpi_pm: mask: 0xffffff max_cycles: 0xffffff, max_idle_ns: 2085701024 ns
[    0.712758] NET: Registered protocol family 2
[    0.712758] IP idents hash table entries: 65536 (order: 7, 524288 bytes)
[    0.726868] TCP established hash table entries: 32768 (order: 6, 262144 bytes)
[    0.732587] TCP bind hash table entries: 32768 (order: 7, 524288 bytes)
[    0.735783] TCP: Hash tables configured (established 32768 bind 32768)
[    0.735783] UDP hash table entries: 2048 (order: 4, 65536 bytes)
[    0.735783] UDP-Lite hash table entries: 2048 (order: 4, 65536 bytes)
[    0.735783] NET: Registered protocol family 1
[    0.735783] pci 0000:00:00.0: Limiting direct PCI/PCI transfers
[    0.735783] pci 0000:00:01.0: Activating ISA DMA hang workarounds
[    0.735783] pci 0000:00:02.0: Video device with shadowed ROM at [mem 0x000c0000-0x000dffff]
[    0.735783] Unpacking initramfs...
[    1.274327] Freeing initrd memory: 19532K
[    1.277656] PCI-DMA: Using software bounce buffering for IO (SWIOTLB)
[    1.282042] software IO TLB: mapped [mem 0xdbff0000-0xdfff0000] (64MB)
[    1.286645] clocksource: tsc: mask: 0xffffffffffffffff max_cycles: 0x29dc03c1beb, max_idle_ns: 440795205215 ns
[    1.293546] platform rtc_cmos: registered platform RTC device (no PNP device found)
[    1.298786] Scanning for low memory corruption every 60 seconds
[    1.304249] Initialise system trusted keyrings
[    1.307649] Key type blacklist registered
[    1.310922] workingset: timestamp_bits=36 max_order=20 bucket_order=0
[    1.317825] zbud: loaded
[    1.320880] squashfs: version 4.0 (2009/01/31) Phillip Lougher
[    1.325537] fuse init (API version 7.26)
[    1.354741] Key type asymmetric registered
[    1.358454] Asymmetric key parser 'x509' registered
[    1.362510] Block layer SCSI generic (bsg) driver version 0.4 loaded (major 246)
[    1.368203] io scheduler noop registered
[    1.371106] io scheduler deadline registered
[    1.374770] io scheduler cfq registered (default)
[    1.379067] ACPI: AC Adapter [AC] (on-line)
[    1.382394] input: Power Button as /devices/LNXSYSTM:00/LNXPWRBN:00/input/input0
[    1.387792] ACPI: Power Button [PWRF]
[    1.391361] input: Sleep Button as /devices/LNXSYSTM:00/LNXSLPBN:00/input/input1
[    1.397090] ACPI: Sleep Button [SLPF]
[    1.401085] Serial: 8250/16550 driver, 32 ports, IRQ sharing enabled
[    1.432746] 00:02: ttyS0 at I/O 0x3f8 (irq = 4, base_baud = 115200) is a 16550A
[    1.441837] Linux agpgart interface v0.103
[    1.450798] loop: module loaded
[    1.455766] scsi host0: ata_piix
[    1.459207] scsi host1: ata_piix
[    1.461967] ata1: PATA max UDMA/33 cmd 0x1f0 ctl 0x3f6 bmdma 0xd000 irq 14
[    1.466806] ata2: PATA max UDMA/33 cmd 0x170 ctl 0x376 bmdma 0xd008 irq 15
[    1.471968] tun: Universal TUN/TAP device driver, 1.6
[    1.476783] PPP generic driver version 2.4.2
[    1.480266] ehci_hcd: USB 2.0 'Enhanced' Host Controller (EHCI) Driver
[    1.484909] ehci-pci: EHCI PCI platform driver
[    1.488281] ehci-platform: EHCI generic platform driver
[    1.492150] ohci_hcd: USB 1.1 'Open' Host Controller (OHCI) Driver
[    1.496561] ohci-pci: OHCI PCI platform driver
[    1.499765] ohci-platform: OHCI generic platform driver
[    1.503604] uhci_hcd: USB Universal Host Controller Interface driver
[    1.508299] i8042: PNP: PS/2 Controller [PNP0303:PS2K,PNP0f03:PS2M] at 0x60,0x64 irq 1,12
[    1.516814] serio: i8042 KBD port at 0x60,0x64 irq 1
[    1.520544] serio: i8042 AUX port at 0x60,0x64 irq 12
[    1.524827] mousedev: PS/2 mouse device common for all mice
[    1.530275] input: AT Translated Set 2 keyboard as /devices/platform/i8042/serio0/input/input2
[    1.530721] rtc_cmos rtc_cmos: rtc core: registered rtc_cmos as rtc0
[    1.543130] rtc_cmos rtc_cmos: alarms up to one day, 114 bytes nvram
[    1.547540] i2c /dev entries driver
[    1.550142] device-mapper: uevent: version 1.0.3
[    1.553329] device-mapper: ioctl: 4.37.0-ioctl (2017-09-20) initialised: dm-devel@redhat.com
[    1.559342] ledtrig-cpu: registered to indicate activity on CPUs
[    1.568416] NET: Registered protocol family 10
[    1.579658] Segment Routing with IPv6
[    1.582556] NET: Registered protocol family 17
[    1.586177] Key type dns_resolver registered
[    1.590111] mce: Using 0 MCE banks
[    1.592876] RAS: Correctable Errors collector initialized.
[    1.597084] sched_clock: Marking stable (1597012294, 0)->(3278622880, -1681610586)
[    1.606447] registered taskstats version 1
[    1.609836] Loading compiled-in X.509 certificates
[    1.616812] Loaded X.509 cert 'Build time autogenerated kernel key: f114f3958ed3c37ba1924ca66ae8368f3c35b0e4'
[    1.624630] Loaded X.509 cert 'Canonical Ltd. Live Patch Signing: 14df34d1a87cf37625abec039ef2bf521249b969'
[    1.631869] Loaded X.509 cert 'Canonical Ltd. Kernel Module Signing: 88f752e560a1e0737e31163a466ad7b70a850c19'
[    1.638912] blacklist: Loading compiled-in revocation X.509 certificates
[    1.660110] Loaded X.509 cert 'Canonical Ltd. Secure Boot Signing: 61482aa2830d0ab2ad5af10b7250da9033ddcef0'
[    1.667098] zswap: loaded using pool lzo/zbud
[    1.692574] Key type big_key registered
[    1.695309] Key type trusted registered
[    1.701223] Key type encrypted registered
[    1.704006] AppArmor: AppArmor sha1 policy hashing enabled
[    1.708167] ima: No TPM chip found, activating TPM-bypass! (rc=-19)
[    1.712422] ima: Allocated hash algorithm: sha1
[    1.715466] evm: HMAC attrs: 0x1
[    1.718301]   Magic number: 7:900:58
[    1.721308] rtc_cmos rtc_cmos: setting system clock to 2023-01-28 03:05:29 UTC (1674875129)
[    1.727372] BIOS EDD facility v0.16 2004-Jun-25, 0 devices found
[    1.731503] EDD information not available.
[    1.737573] Freeing unused kernel image memory: 2472K
[    1.756467] Write protecting the kernel read-only data: 20480k
[    1.761216] Freeing unused kernel image memory: 2008K
[    1.765002] Freeing unused kernel image memory: 1824K
[    1.774953] x86/mm: Checked W+X mappings: passed, no W+X pages found.
Loading, please wait...
starting version 237
[    1.858883] Fusion MPT base driver 3.04.20
[    1.862739] Copyright (c) 1999-2008 LSI Corporation
[    1.882988] e1000: Intel(R) PRO/1000 Network Driver - version 7.3.21-k8-NAPI
[    1.888579] e1000: Copyright (c) 1999-2006 Intel Corporation.
[    1.913926] Fusion MPT SPI Host driver 3.04.20
[    2.126287] input: ImExPS/2 Generic Explorer Mouse as /devices/platform/i8042/serio1/input/input4
[    2.499362] e1000 0000:00:03.0 eth0: (PCI:33MHz:32-bit) 02:0c:5d:76:46:7f
[    2.504035] e1000 0000:00:03.0 eth0: Intel(R) PRO/1000 Network Connection
[    2.510760] e1000 0000:00:03.0 enp0s3: renamed from eth0
[    2.514789] mptbase: ioc0: Initiating bringup
[    2.629678] ioc0: LSI53C1030 A0: Capabilities={Initiator}
[    2.882810] scsi host2: ioc0: LSI53C1030 A0, FwRev=00000000h, Ports=1, MaxQ=256, IRQ=20
[    3.057366] scsi 2:0:0:0: Direct-Access     VBOX     HARDDISK         1.0  PQ: 0 ANSI: 5
[    3.548124] scsi target2:0:0: Beginning Domain Validation
[    3.555470] scsi target2:0:0: Domain Validation skipping write tests
[    3.559666] scsi target2:0:0: Ending Domain Validation
[    3.563308] scsi target2:0:0: asynchronous
[    3.567448] scsi 2:0:1:0: Direct-Access     VBOX     HARDDISK         1.0  PQ: 0 ANSI: 5
[    4.034046] scsi target2:0:1: Beginning Domain Validation
[    4.042395] scsi target2:0:1: Domain Validation skipping write tests
[    4.046673] scsi target2:0:1: Ending Domain Validation
[    4.050306] scsi target2:0:1: asynchronous
[    4.062570] sd 2:0:0:0: [sda] 83886080 512-byte logical blocks: (42.9 GB/40.0 GiB)
[    4.067760] sd 2:0:0:0: [sda] Write Protect is off
[    4.073683] sd 2:0:0:0: Attached scsi generic sg0 type 0
[    4.077554] sd 2:0:0:0: [sda] Incomplete mode parameter data
[    4.081654] sd 2:0:0:0: [sda] Assuming drive cache: write through
[    4.091050] sd 2:0:1:0: Attached scsi generic sg1 type 0
[    4.095069] sd 2:0:1:0: [sdb] 20480 512-byte logical blocks: (10.5 MB/10.0 MiB)
[    4.100813] sd 2:0:1:0: [sdb] Write Protect is off
[    4.105053] sd 2:0:1:0: [sdb] Incomplete mode parameter data
[    4.109451] sd 2:0:1:0: [sdb] Assuming drive cache: write through
[    4.115173]  sda: sda1
[    4.120543] sd 2:0:0:0: [sda] Attached SCSI disk
[    4.127799] sd 2:0:1:0: [sdb] Attached SCSI disk
Begin: Loading essential drivers ... [    6.968439] raid6: sse2x1   gen() 259494 MB/s
[    7.959740] raid6: sse2x1   xor() 182032 MB/s
[    8.956786] raid6: sse2x2   gen() 364461 MB/s
[   10.956167] raid6: sse2x2   xor() 229850 MB/s
[   11.010765] raid6: sse2x4   gen() 20745 MB/s
[   11.064691] raid6: sse2x4   xor()  6595 MB/s
[   11.068536] raid6: using algorithm sse2x2 gen() 364461 MB/s
[   11.072723] raid6: .... xor() 229850 MB/s, rmw enabled
[   11.076810] raid6: using ssse3x2 recovery algorithm
[   11.082718] xor: measuring software checksum speed
[   11.193506]    prefetch64-sse: 59888.000 MB/sec
[   11.299554]    generic_sse: 57935.000 MB/sec
[   11.302877] xor: using function: prefetch64-sse (59888.000 MB/sec)
[   11.308961] async_tx: api initialized (async)
done.
Begin: Running /scripts/init-premount ... done.
Begin: Mounting root file system ... Begin: Running /scripts/local-top ... done.
Begin: Running /scripts/local-premount ... [   11.369292] Btrfs loaded, crc32c=crc32c-intel
Scanning for Btrfs filesystems
done.
Warning: fsck not present, so skipping root file system
[   11.408875] EXT4-fs (sda1): mounted filesystem with ordered data mode. Opts: (null)
done.
Begin: Running /scripts/local-bottom ... done.
Begin: Running /scripts/init-bottom ... done.
[   11.598777] ip_tables: (C) 2000-2006 Netfilter Core Team
[   11.614608] systemd[1]: systemd 237 running in system mode. (+PAM +AUDIT +SELINUX +IMA +APPARMOR +SMACK +SYSVINIT +UTMP +LIBCRYPTSETUP +GCRYPT +GNUTLS +ACL +XZ +LZ4 +SECCOMP +BLKID +ELFUTILS +KMOD -IDN2 +IDN -PCRE2 default-hierarchy=hybrid)
[   11.630714] systemd[1]: Detected virtualization oracle.
[   11.634658] systemd[1]: Detected architecture x86-64.

Welcome to [1mUbuntu 18.04.6 LTS[0m!

[   11.664674] systemd[1]: Set hostname to <ubuntu>.
[   11.673289] random: systemd: uninitialized urandom read (16 bytes read)
[   11.678654] systemd[1]: Initializing machine ID from random generator.
[   11.683418] systemd[1]: Installed transient /etc/machine-id file.
[   11.965371] random: systemd: uninitialized urandom read (16 bytes read)
[   11.970131] systemd[1]: Reached target System Time Synchronized.
[[0;32m  OK  [0m] Reached target System Time Synchronized.
[   11.978029] random: systemd: uninitialized urandom read (16 bytes read)
[   11.991100] systemd[1]: Created slice User and Session Slice.
[[0;32m  OK  [0m] Created slice User and Session Slice.
[   11.999009] systemd[1]: Started Forward Password Requests to Wall Directory Watch.
[[0;32m  OK  [0m] Started Forward Password Requests to Wall Directory Watch.
[   12.008702] systemd[1]: Created slice System Slice.
[[0;32m  OK  [0m] Created slice System Slice.
[[0;32m  OK  [0m] Created slice system-serial\x2dgetty.slice.
[[0;32m  OK  [0m] Listening on Syslog Socket.
[[0;32m  OK  [0m] Listening on LVM2 metadata daemon socket.
[[0;32m  OK  [0m] Listening on fsck to fsckd communication Socket.
[[0;32m  OK  [0m] Listening on LVM2 poll daemon socket.
[[0;32m  OK  [0m] Listening on /dev/initctl Compatibility Named Pipe.
[[0;32m  OK  [0m] Listening on Network Service Netlink Socket.
[[0;32m  OK  [0m] Listening on Journal Audit Socket.
[[0;32m  OK  [0m] Listening on udev Control Socket.
[[0;32m  OK  [0m] Listening on Journal Socket (/dev/log).
[[0;32m  OK  [0m] Reached target Slices.
[[0;32m  OK  [0m] Listening on Journal Socket.
         Starting Journal Service...
         Starting File System Check on Root Device...
         Mounting Huge Pages File System...
         Starting Uncomplicated firewall...
         Mounting Kernel Debug File System...
[[0;32m  OK  [0m] Listening on Device-mapper event daemon FIFOs.
         Starting Monitoring of LVM2 mirrors…ng dmeventd or progress polling...
         Mounting POSIX Message Queue File System...
         Starting Set the console keyboard layout...
         Starting Create list of required st…ce nodes for the current kernel...
         Starting Load Kernel Modules...
[[0;32m  OK  [0m] Reached target Swap.
[[0;32m  OK  [0m] Set up automount Arbitrary Executab…rmats File System Automount Point.
[   12.196994] Loading iSCSI transport class v2.0-870.
[[0;32m  OK  [0m] Listening on udev Kernel Socket.
         Starting udev Coldplug all Devices...
[[0;32m  OK  [0m] Reached target User and Group Name Lookups.
[[0;32m  OK  [0m] Started Journal Service.
[[0;32m  OK  [0m] Mounted Huge Pages File System.
[[0;32m  OK  [0m] Started Uncomplicated firewall.
[[0;32m  OK  [0m] Mounted Kernel Debug File System.
[[0;32m  OK  [0m] Started File System Check on Root Device.
[[0;32m  OK  [0m] Mounted POSIX Message Queue File System.
[[0;32m  OK  [0m] Started Create list of required sta…vice nodes for the current kernel.
[[0;32m  OK  [0m] Started File System Check Daemon to report status.
[[0;32m  OK  [0m] Started LVM2 metadata daemon.
[   12.240451] iscsi: registered transport (tcp)
         Starting Create Static Device Nodes in /dev...
         Starting Remount Root and Kernel File Systems...
[[0;32m  OK  [0m] Started udev Coldplug all Devices.
[[0;32m  OK  [0m] Started Create Static Device Nodes in /dev.
[   12.348736] EXT4-fs (sda1): re-mounted. Opts: (null)
[[0;32m  OK  [0m] Started Remount Root and Kernel File Systems.
         Starting Flush Journal to Persistent Storage...
         Starting Load/Save Random Seed...
         Starting udev Kernel Device Manager...
[[0;32m  OK  [0m] Started Monitoring of LVM2 mirrors,…sing dmeventd or progress polling.
[   12.402127] systemd-journald[383]: Received request to flush runtime journal from PID 1
[   12.417449] iscsi: registered transport (iser)
[[0;32m  OK  [0m] Started Set the console keyboard layout.
[[0;32m  OK  [0m] Reached target Local File Systems (Pre).
[[0;32m  OK  [0m] Reached target Local File Systems.
         Starting AppArmor initialization...
         Starting ebtables ruleset management...
         Starting Tell Plymouth To Write Out Runtime Data...
         Starting Commit a transient machine-id on disk...
         Starting Set console font and keymap...
[[0;32m  OK  [0m] Started Load Kernel Modules.
[[0;32m  OK  [0m] Started Load/Save Random Seed.
         Starting Apply Kernel Variables...
         Mounting FUSE Control File System...
         Mounting Kernel Configuration File System...
[[0;32m  OK  [0m] Started udev Kernel Device Manager.
[[0;32m  OK  [0m] Mounted FUSE Control File System.
[[0;32m  OK  [0m] Mounted Kernel Configuration File System.
[[0;32m  OK  [0m] Started Dispatch Password Requests to Console Directory Watch.
[[0;32m  OK  [0m] Reached target Local Encrypted Volumes.
[[0;32m  OK  [0m] Started Tell Plymouth To Write Out Runtime Data.
[[0;32m  OK  [0m] Started Set console font and keymap.
[[0;32m  OK  [0m] Started Apply Kernel Variables.
[[0;32m  OK  [0m] Started Flush Journal to Persistent Storage.
         Starting Create Volatile Files and Directories...
[[0;32m  OK  [0m] Started Commit a transient machine-id on disk.
[[0;32m  OK  [0m] Started Create Volatile Files and Directories.
         Starting Update UTMP about System Boot/Shutdown...
[[0;32m  OK  [0m] Started ebtables ruleset management.
[[0;32m  OK  [0m] Started Update UTMP about System Boot/Shutdown.
[[0;32m  OK  [0m] Found device /dev/ttyS0.
[[0;32m  OK  [0m] Listening on Load/Save RF Kill Switch Status /dev/rfkill Watch.
         Mounting Arbitrary Executable File Formats File System...
[[0;32m  OK  [0m] Mounted Arbitrary Executable File Formats File System.
[[0;32m  OK  [0m] Started AppArmor initialization.
         Starting Initial cloud-init job (pre-networking)...
         Starting Load AppArmor profiles managed internally by snapd...
[[0;32m  OK  [0m] Started Load AppArmor profiles managed internally by snapd.
[   15.276078] cloud-init[523]: Cloud-init v. 22.4.2-0ubuntu0~18.04.1 running 'init-local' at Sat, 28 Jan 2023 03:05:42 +0000. Up 14.90 seconds.
[[0;32m  OK  [0m] Started Initial cloud-init job (pre-networking).
[[0;32m  OK  [0m] Reached target Network (Pre).
         Starting Network Service...
[[0;32m  OK  [0m] Started Network Service.
         Starting Wait for Network to be Configured...
         Starting Network Name Resolution...
[[0;32m  OK  [0m] Started Network Name Resolution.
[[0;32m  OK  [0m] Reached target Network.
[[0;32m  OK  [0m] Reached target Host and Network Name Lookups.
[[0;32m  OK  [0m] Started Wait for Network to be Configured.
         Starting Initial cloud-init job (metadata service crawler)...
[   16.890845] cloud-init[638]: Cloud-init v. 22.4.2-0ubuntu0~18.04.1 running 'init' at Sat, 28 Jan 2023 03:05:44 +0000. Up 16.78 seconds.
[   16.893947] cloud-init[638]: ci-info: +++++++++++++++++++++++++++++++++++++Net device info++++++++++++++++++++++++++++++++++++++
[   16.896953] cloud-init[638]: ci-info: +--------+------+---------------------------+---------------+--------+-------------------+
[   16.899825] cloud-init[638]: ci-info: | Device |  Up  |          Address          |      Mask     | Scope  |     Hw-Address    |
[   16.902845] cloud-init[638]: ci-info: +--------+------+---------------------------+---------------+--------+-------------------+
[   16.905692] cloud-init[638]: ci-info: | enp0s3 | True |         10.0.2.15         | 255.255.255.0 | global | 02:0c:5d:76:46:7f |
[   16.911105] cloud-init[638]: ci-info: | enp0s3 | True | fe80::c:5dff:fe76:467f/64 |       .       |  link  | 02:0c:5d:76:46:7f |
[   16.915698] cloud-init[638]: ci-info: |   lo   | True |         127.0.0.1         |   255.0.0.0   |  host  |         .         |
[   16.920570] cloud-init[638]: ci-info: |   lo   | True |          ::1/128          |       .       |  host  |         .         |
[   16.925182] cloud-init[638]: ci-info: +--------+------+---------------------------+---------------+--------+-------------------+
[   16.929957] cloud-init[638]: ci-info: ++++++++++++++++++++++++++++Route IPv4 info+++++++++++++++++++++++++++++
[   16.934316] cloud-init[638]: ci-info: +-------+-------------+----------+-----------------+-----------+-------+
[   16.938679] cloud-init[638]: ci-info: | Route | Destination | Gateway  |     Genmask     | Interface | Flags |
[   16.942995] cloud-init[638]: ci-info: +-------+-------------+----------+-----------------+-----------+-------+
[   16.946554] cloud-init[638]: ci-info: |   0   |   0.0.0.0   | 10.0.2.2 |     0.0.0.0     |   enp0s3  |   UG  |
[   16.949344] cloud-init[638]: ci-info: |   1   |   10.0.2.0  | 0.0.0.0  |  255.255.255.0  |   enp0s3  |   U   |
[   16.951796] cloud-init[638]: ci-info: |   2   |   10.0.2.2  | 0.0.0.0  | 255.255.255.255 |   enp0s3  |   UH  |
[   16.954405] cloud-init[638]: ci-info: +-------+-------------+----------+-----------------+-----------+-------+
[   16.956957] cloud-init[638]: ci-info: +++++++++++++++++++Route IPv6 info+++++++++++++++++++
[   16.959438] cloud-init[638]: ci-info: +-------+-------------+---------+-----------+-------+
[   16.961596] cloud-init[638]: ci-info: | Route | Destination | Gateway | Interface | Flags |
[   16.963730] cloud-init[638]: ci-info: +-------+-------------+---------+-----------+-------+
[   16.965853] cloud-init[638]: ci-info: |   1   |  fe80::/64  |    ::   |   enp0s3  |   U   |
[   16.967934] cloud-init[638]: ci-info: |   3   |    local    |    ::   |   enp0s3  |   U   |
[   16.970055] cloud-init[638]: ci-info: |   4   |   ff00::/8  |    ::   |   enp0s3  |   U   |
[   16.972257] cloud-init[638]: ci-info: +-------+-------------+---------+-----------+-------+
[   17.655536] cloud-init[638]: Generating public/private rsa key pair.
[   17.659264] cloud-init[638]: Your identification has been saved in /etc/ssh/ssh_host_rsa_key.
[   17.663832] cloud-init[638]: Your public key has been saved in /etc/ssh/ssh_host_rsa_key.pub.
[   17.667971] cloud-init[638]: The key fingerprint is:
[   17.671290] cloud-init[638]: SHA256:ksQjY+Hc3BpSHAAZGbt5YdKkA5eTe5S7MjxLgJ5CA7E root@ubuntu-bionic
[   17.675656] cloud-init[638]: The key's randomart image is:
[   17.678991] cloud-init[638]: +---[RSA 2048]----+
[   17.683185] cloud-init[638]: |o.=O++o.         |
[   17.687367] cloud-init[638]: |.+*Bo*..         |
[   17.691693] cloud-init[638]: |E =+@.B .        |
[   17.696002] cloud-init[638]: |oo.Bo* =         |
[   17.699364] cloud-init[638]: |oo=...+ S        |
[   17.702558] cloud-init[638]: |.o*..  .         |
[   17.705795] cloud-init[[0;32m  OK  [0m] Started Initial cloud-init job (metadata service crawler).
[[0;32m  OK  [0m] Reached target Network is Online.
         Starting Availability of block devices...
[[0;32m  OK  [0m] Reached target Remote File Systems (Pre).
[[0;32m  OK  [0m] Reached target Remote File Systems.
[[0;32m  OK  [0m] Reached target Cloud-config availability.
[[0;32m  OK  [0m] Reached target System Initialization.
[[0;32m  OK  [0m] Listening on Open-iSCSI iscsid Socket.
[[0;32m  OK  [0m] Listening on cloud-init hotplug hook socket.
         Starting Socket activation for snappy daemon.
[[0;32m  OK  [0m] Started Ubuntu Advantage Timer for running repeated jobs.
[[0;32m  OK  [0m] Listening on UUID daemon activation socket.
         Starting LXD - unix socket.
[[0;32m  OK  [0m] Started Daily Cleanup of Temporary Directories.
[[0;32m  OK  [0m] Started ACPI Events Check.
[[0;32m  OK  [0m] Reached target Paths.
[[0;32m  OK  [0m] Listening on D-Bus System Message Bus Socket.
[[0;32m  OK  [0m] Listening on ACPID Listen Socket.
[[0;32m  OK  [0m] Started Daily apt download activities.
[[0;32m  OK  [0m] Started Daily apt upgrade and clean activities.
[[0;32m  OK  [0m] Started Message of the Day.
[[0;32m  OK  [0m] Started Discard unused blocks once a week.
[[0;32m  OK  [0m] Reached target Timers.
[[0;32m  OK  [0m] Listening on LXD - unix socket.
[[0;32m  OK  [0m] Started Availability of block devices.
[[0;32m  OK  [0m] Listening on Socket activation for snappy daemon.
[[0;32m  OK  [0m] Reached target Sockets.
[[0;32m  OK  [0m] Reached target Basic System.
         Starting Permit User Sessions...
         Starting Dispatcher daemon for systemd-networkd...
[[0;32m  OK  [0m] Started FUSE filesystem for LXC.
         Starting Accounts Service...
         Starting LSB: automatic crash report generation...
[[0;32m  OK  [0m] Started Regular background program processing daemon.
         Starting Pollinate to seed the pseudo random number generator...
         Starting System Logging Service...
[638]:          Starting Snap Daemon...
[[0;32m  OK  [0m] Started Deferred execution scheduler.
|.. =             |[[0;32m  OK  [0m] Started irqbalance daemon.
[[0;32m  OK  [0m] Reached target Login Prompts (Pre).

[   17.758719] cloud-init[638]: |  .              |         Starting Login Service...
[[0;32m  OK  [0m] Started D-Bus System Message Bus.

[   17.777063] cloud-init[638]: |                 |
[   17.780838] cloud-init[638]: +----[SHA256]-----+
[   17.785334] cloud-init[638]: Generating public/private dsa key pair.
[   17.800044] cloud-init[638]: Your identification has been saved in /etc/ssh/ssh_host_dsa_key.
[   17.812218] cloud-init[638]: Your public key has been saved in /etc/ssh/ssh_host_dsa_key.pub.
[   17.814599] cloud-init[638]: The key fingerprint is:
[   17.816479] cloud-init[638]: SHA256:IKlm8503JaB+Hz0p/bGdFAOd83e4/cbX+dPTtZ1f4z0 root@ubuntu-bionic
[   17.818936] cloud-init[638]: The key's randomart image is:
[   17.820459] cloud-init[638]: +---[DSA 1024]----+
[   17.822037] cloud-init[638]: |                 |
[   17.823387] cloud-init[638]: |     .       . . |
[   17.825267] cloud-init[638]: |    o o     . +  |
[   17.827013] cloud-init[638]: |   . o o     . + |
[   17.828339] cloud-init[638]: |  = .   S .   + +|
[   17.829845] cloud-init[638]: | o + . . = .   =+|
[   17.831262] cloud-init[638]: |    o + = = . oo%|
[   17.833034] cloud-init[638]: |     . o + o =.E&|
[   17.834662] cloud-init[638]: |        .   o oo%|
[   17.836082] cloud-init[638]: +----[SHA256]-----+
[   17.838284] cloud-init[638]: Generating public/private ecdsa key pair.
[   17.841070] cloud-init[638]: Your identification has been saved in /etc/ssh/ssh_host_ecdsa_key.
[   17.844803] cloud-init[638]: Your public key has been saved in /etc/ssh/ssh_host_ecdsa_key.pub.
[   17.847568] cloud-init[638]: The key fingerprint is:
[   17.849349] cloud-init[638]: SHA256:lJu+EchHFzUk9MYzYAqmd1++IiLmRtKqSWNiHSDCUeI root@ubuntu-bionic
[   17.852251] cloud-init[638]: The key's randomart image is:
[   17.853756] cloud-init[638]: +---[ECDSA 256]---+
[   17.854983] cloud-init[638]: | o..  o  .*o+    |
[   17.856318] cloud-init[638]: |o o  o . + * .   |
[   17.857562] cloud-init[638]: |oE  . . * . B    |
[   17.858876] cloud-init[638]: |o .  o = = + o   |
[   17.860291] cloud-init[638]: |   o  o S . .    |
[   17.861565] cloud-init[638]: |  o +  o .   .   |
[   17.862996] cloud-init[638]: |.= =o . + . .    |
[   17.864515] cloud-init[638]: |=.oo.. . + .     |
[   17.865850] cloud-init[638]: |o. ..   .        |
[   17.867706] cloud-init[638]: +----[SHA256]-----+
[   17.869088] cloud-init[638]: Generating public/private ed25519 key pair.
[   17.872072] cloud-init[638]: Your identification has been saved in /etc/ssh/ssh_host_ed25519_key.
[   17.876469] cloud-init[638]: Your public key has been saved in /etc/ssh/ssh_host_ed25519_key.pub.
[   17.880829] cloud-init[638]: The key fingerprint is:
[   17.883854] cloud-init[638]: SHA256:hv7J6Q/IcNHxTO/rrk2tMC7fxPtWd5bT9qlxP5+Vlts root@ubuntu-bionic
[   17.887882] cloud-init[638]: The key's randomart image is:
[   17.891398] cloud-init[638]: +--[ED25519 256]--+
[   17.894770] cloud-init[638]: |        . .      |
[   17.897818] cloud-init[638]: |       . = .     |
[   17.902827] cloud-init[638]: |      . . o .    |
[   17.905965] cloud-init[638]: |       o   .     |
[   17.908991] cloud-init[638]: |    . o S   .   o|
[   17.912251] cloud-init[638]: |     = o   . o oX|
[   17.915591] cloud-init[638]: |      + . o =..OB|
[   17.918812] cloud-init[638]: |       o.= O o=oB|
[   17.922265] cloud-init[638]: |       .*+=oB+ooE|
[   17.925392] cloud-init[638]: +----[SHA256]-----+
[[0;32m  OK  [0m] Started Login Service.
[[0;32m  OK  [0m] Started Unattended Upgrades Shutdown.
         Starting Virtualbox guest utils...
         Starting LSB: Record successful boot for GRUB...
         Starting LXD - container startup/shutdown...
[[0;32m  OK  [0m] Started System Logging Service.
[[0;32m  OK  [0m] Started Permit User Sessions.
         Starting Terminate Plymouth Boot Screen...
         Starting Hold until boot process finishes up...
[[0;32m  OK  [0m] Started Hold until boot process finishes up.
         Starting Set console scheme...
[[0;32m  OK  [0m] Started Serial Getty on ttyS0.
[[0;32m  OK  [0m] Started Terminate Plymouth Boot Screen.
[[0;32m  OK  [0m] Started Set console scheme.
[[0;32m  OK  [0m] Created slice system-getty.slice.
[[0;32m  OK  [0m] Started Getty on tty1.
[[0;32m  OK  [0m] Reached target Login Prompts.
         Starting Authorization Manager...
[[0;32m  OK  [0m] Started LSB: automatic crash report generation.
[[0;32m  OK  [0m] Started Authorization Manager.
[[0;32m  OK  [0m] Started Accounts Service.
[[0;32m  OK  [0m] Started LXD - container startup/shutdown.
[[0;32m  OK  [0m] Started LSB: Record successful boot for GRUB.
[[0;32m  OK  [0m] Started Virtualbox guest utils.
[[0;32m  OK  [0m] Started Dispatcher daemon for systemd-networkd.
[[0;32m  OK  [0m] Started Snap Daemon.
         Starting Wait until snapd is fully seeded...
         Starting Time & Date Service...
[[0;32m  OK  [0m] Started Time & Date Service.
[[0;32m  OK  [0m] Started Wait until snapd is fully seeded.
         Starting Apply the settings specified in cloud-config...
[   20.685628] cloud-init[1116]: Cloud-init v. 22.4.2-0ubuntu0~18.04.1 running 'modules:config' at Sat, 28 Jan 2023 03:05:48 +0000. Up 20.23 seconds.
[[0;32m  OK  [0m] Started Apply the settings specified in cloud-config.
[[0;32m  OK  [0m] Started Pollinate to seed the pseudo random number generator.
         Starting OpenBSD Secure Shell server...
[[0;32m  OK  [0m] Started OpenBSD Secure Shell server.
[[0;32m  OK  [0m] Reached target Multi-User System.
         Starting Execute cloud user/final scripts...
[[0;32m  OK  [0m] Reached target Graphical Interface.
         Starting Update UTMP about System Runlevel Changes...
[[0;32m  OK  [0m] Started Update UTMP about System Runlevel Changes.
ci-info: no authorized SSH keys fingerprints found for user ubuntu.
<14>Jan 28 03:05:51 cloud-init: #############################################################
<14>Jan 28 03:05:51 cloud-init: -----BEGIN SSH HOST KEY FINGERPRINTS-----
<14>Jan 28 03:05:51 cloud-init: 1024 SHA256:IKlm8503JaB+Hz0p/bGdFAOd83e4/cbX+dPTtZ1f4z0 root@ubuntu-bionic (DSA)
<14>Jan 28 03:05:51 cloud-init: 256 SHA256:lJu+EchHFzUk9MYzYAqmd1++IiLmRtKqSWNiHSDCUeI root@ubuntu-bionic (ECDSA)
<14>Jan 28 03:05:51 cloud-init: 256 SHA256:hv7J6Q/IcNHxTO/rrk2tMC7fxPtWd5bT9qlxP5+Vlts root@ubuntu-bionic (ED25519)
<14>Jan 28 03:05:51 cloud-init: 2048 SHA256:ksQjY+Hc3BpSHAAZGbt5YdKkA5eTe5S7MjxLgJ5CA7E root@ubuntu-bionic (RSA)
<14>Jan 28 03:05:51 cloud-init: -----END SSH HOST KEY FINGERPRINTS-----
<14>Jan 28 03:05:51 cloud-init: #############################################################
-----BEGIN SSH HOST KEY KEYS-----
ecdsa-sha2-nistp256 AAAAE2VjZHNhLXNoYTItbmlzdHAyNTYAAAAIbmlzdHAyNTYAAABBBP48srw4W40dAI2gTRZjuoK8tYk55zTrDzE9RJtPfo5whCl79dPJuV8pUu4HKcsfxeku+70P6MJrgpgrBm+U39Y= root@ubuntu-bionic
ssh-ed25519 AAAAC3NzaC1lZDI1NTE5AAAAIKw3IXC6cMaX3BOxEORuiroPla6FxLgE563v2Hj1OWh+ root@ubuntu-bionic
ssh-rsa AAAAB3NzaC1yc2EAAAADAQABAAABAQCyWdVvsPpdhhCP5VhenWtB6HXKR5fc+5sE7pOGgCusVP5nztddVSxY5kQgZjhAezBI/OdtAHB656ujvgg1Ob+yWwwxDCMJHy3UQ7O/BUYxutJpi/WStqaUhSFVtu9ury5eJbHjpeOGdA/otBnJXFo5phVqLxATCmpaDQubOOSCTVrwPDFCJPv9Oc37Sxwi5atFh9ducl/kzQ9LCuGRYlz63VSvJooSU+s6i8tl1iwY9AQWa5Dqlh51MN3YOqRpToyW0oO2QzUgr+0vHnHtCJaUY7YPjGfBuwi8rvuVforARkgRcnFJF+JGEMjwSLhuB+ODiQXT/iWEFA/NwdpFRunF root@ubuntu-bionic
-----END SSH HOST KEY KEYS-----
[   23.473435] cloud-init[1208]: Cloud-init v. 22.4.2-0ubuntu0~18.04.1 running 'modules:final' at Sat, 28 Jan 2023 03:05:51 +0000. Up 23.30 seconds.
[   23.473531] cloud-init[1208]: Cloud-init v. 22.4.2-0ubuntu0~18.04.1 finished at Sat, 28 Jan 2023 03:05:51 +0000. Datasource DataSourceNoCloud [seed=/dev/sdb][dsmode=net].  Up 23.46 seconds

Ubuntu 18.04.6 LTS ubuntu-bionic ttyS0

ubuntu-bionic login: 